<?xml version="1.0" encoding="UTF-8"?>
<!-- Generated by org.testng.reporters.JUnitXMLReporter -->
<testsuite ignored="9" hostname="LTIN718868" failures="1" tests="13" name="checkout Test" time="35.624" errors="0" timestamp="2026-05-07T15:09:49 IST">
  <testcase classname="tests.HomePageTest" name="verifyHomePageLogo" time="2.09"/>
  <testcase classname="tests.HomePageTest" name="verifySearchFunctionality" time="2.746"/>
  <testcase classname="tests.ProductListPageTest" name="navigatesToProductPage" time="0.964"/>
  <testcase classname="tests.ProductPageTest" name="verifyProductPage" time="1.966"/>
  <testcase classname="tests.ProductPageTest" name="testPinCodeTest" time="1.07"/>
  <testcase classname="tests.ProductPageTest" name="testPinCodeTest" time="0.626"/>
  <testcase classname="tests.ProductPageTest" name="testPinCodeTest" time="0.682"/>
  <testcase classname="tests.ProductPageTest" name="testPinCodeTest" time="0.643"/>
  <testcase classname="tests.ProductPageTest" name="testPinCodeTest" time="1.42"/>
  <testcase classname="tests.ProductPageTest" name="testPinCodeTest" time="0.593"/>
  <testcase classname="tests.ProductPageTest" name="verifyWishlistCnt" time="0.434">
    <failure type="java.lang.AssertionError" message="wishlist failed expected [0] but found [1]">
      <![CDATA[java.lang.AssertionError: wishlist failed expected [0] but found [1]
at tests.ProductPageTest.verifyWishlistCnt(ProductPageTest.java:58)
at java.base/java.util.ArrayList.forEach(ArrayList.java:1596)
... Removed 30 stack frames]]>
    </failure>
  </testcase> <!-- verifyWishlistCnt -->
  <testcase classname="tests.ProductPageTest" name="verifyWishlistPage" time="0.0">
    <skipped/>
  </testcase> <!-- verifyWishlistPage -->
  <testcase classname="tests.ProductPageTest" name="addToCart" time="2.61"/>
  <testcase classname="tests.ProductListPageTest" name="verifyMaterialFilterWorks" time="0.0">
    <ignored/>
  </testcase> <!-- verifyMaterialFilterWorks -->
  <testcase classname="tests.ProductListPageTest" name="verifyCategoryFilterWorks" time="0.0">
    <ignored/>
  </testcase> <!-- verifyCategoryFilterWorks -->
  <testcase classname="base.BaseTest" name="@AfterTest tearDown" time="0.0">
    <ignored/>
  </testcase> <!-- @AfterTest tearDown -->
  <testcase classname="base.BaseTest" name="@BeforeTest setUp" time="0.0">
    <ignored/>
  </testcase> <!-- @BeforeTest setUp -->
  <testcase classname="tests.ProductListPageTest" name="verifyPriceFilterWorks" time="0.0">
    <ignored/>
  </testcase> <!-- verifyPriceFilterWorks -->
  <testcase classname="tests.ProductListPageTest" name="verifyProductList" time="0.0">
    <ignored/>
  </testcase> <!-- verifyProductList -->
  <testcase classname="base.BaseTest" name="@BeforeTest setUp" time="0.0">
    <ignored/>
  </testcase> <!-- @BeforeTest setUp -->
  <testcase classname="tests.ProductListPageTest" name="verifySortBy" time="0.0">
    <ignored/>
  </testcase> <!-- verifySortBy -->
  <testcase classname="base.BaseTest" name="@AfterTest tearDown" time="0.0">
    <ignored/>
  </testcase> <!-- @AfterTest tearDown -->
</testsuite> <!-- checkout Test -->
