<?xml version="1.0" encoding="UTF-8"?>
<!-- Generated by org.testng.reporters.JUnitXMLReporter -->
<testsuite ignored="10" hostname="LTIN718868" failures="1" tests="34" name="End-to-End Test" time="105.101" errors="0" timestamp="2026-05-13T11:59:28 IST">
  <testcase classname="tests.HomePageTest" name="verifyHomePageLogo" time="6.63"/>
  <testcase classname="tests.HomePageTest" name="verifySearchFunctionality" time="2.419"/>
  <testcase classname="tests.LoginPageTest" name="verifyLoginNavigation" time="2.136"/>
  <testcase classname="tests.LoginPageTest" name="LoginPageVerification" time="0.029"/>
  <testcase classname="tests.LoginPageTest" name="login" time="2.712"/>
  <testcase classname="tests.LoginPageTest" name="login" time="0.548"/>
  <testcase classname="tests.LoginPageTest" name="login" time="3.887"/>
  <testcase classname="tests.LoginPageTest" name="login" time="3.796"/>
  <testcase classname="tests.LoginPageTest" name="clickLogo" time="3.431"/>
  <testcase classname="tests.ProductListPageTest" name="verifyProductList" time="0.189"/>
  <testcase classname="tests.ProductListPageTest" name="verifyPriceFilterWorks" time="3.842"/>
  <testcase classname="tests.ProductListPageTest" name="verifyCategoryFilterWorks" time="3.218"/>
  <testcase classname="tests.ProductListPageTest" name="verifyMaterialFilterWorks" time="3.301"/>
  <testcase classname="tests.ProductListPageTest" name="verifySortBy" time="3.028"/>
  <testcase classname="tests.ProductListPageTest" name="navigatesToProductPage" time="6.702"/>
  <testcase classname="tests.ProductPageTest" name="verifyProductPage" time="4.119"/>
  <testcase classname="tests.ProductPageTest" name="pinCodeTest" time="0.217"/>
  <testcase classname="tests.ProductPageTest" name="pinCodeTest" time="0.24"/>
  <testcase classname="tests.ProductPageTest" name="pinCodeTest" time="0.203"/>
  <testcase classname="tests.ProductPageTest" name="pinCodeTest" time="0.823"/>
  <testcase classname="tests.ProductPageTest" name="pinCodeTest" time="0.99"/>
  <testcase classname="tests.ProductPageTest" name="pinCodeTest" time="1.028"/>
  <testcase classname="tests.ProductPageTest" name="verifyWishlistCnt" time="0.146">
    <failure type="java.lang.AssertionError" message="wishlist failed expected [0] but found [1]">
      <![CDATA[java.lang.AssertionError: wishlist failed expected [0] but found [1]
at tests.ProductPageTest.verifyWishlistCnt(ProductPageTest.java:57)
at java.base/java.util.ArrayList.forEach(ArrayList.java:1596)
... Removed 30 stack frames]]>
    </failure>
  </testcase> <!-- verifyWishlistCnt -->
  <testcase classname="tests.ProductPageTest" name="verifyWishlistPage" time="0.0">
    <skipped/>
  </testcase> <!-- verifyWishlistPage -->
  <testcase classname="tests.ProductPageTest" name="addToCart" time="2.828"/>
  <testcase classname="tests.CartPageTest" name="verifyCartPage" time="0.272"/>
  <testcase classname="tests.CartPageTest" name="verifyProductCount" time="0.067"/>
  <testcase classname="tests.CartPageTest" name="PriceValidation" time="0.167"/>
  <testcase classname="tests.CartPageTest" name="clickCheckOut" time="0.299"/>
  <testcase classname="tests.CheckoutPageTest" name="testCheckoutFlow" time="5.825"/>
  <testcase classname="tests.CheckoutPageTest" name="testCheckoutFlow" time="2.615"/>
  <testcase classname="tests.CheckoutPageTest" name="testCheckoutFlow" time="2.444"/>
  <testcase classname="tests.CheckoutPageTest" name="testCheckoutFlow" time="2.623"/>
  <testcase classname="tests.CheckoutPageTest" name="testCheckoutFlow" time="2.563"/>
  <testcase classname="base.BaseTest" name="@AfterTest tearDown" time="0.0">
    <ignored/>
  </testcase> <!-- @AfterTest tearDown -->
  <testcase classname="base.BaseTest" name="@BeforeTest setUp" time="0.0">
    <ignored/>
  </testcase> <!-- @BeforeTest setUp -->
  <testcase classname="base.BaseTest" name="@AfterTest tearDown" time="0.0">
    <ignored/>
  </testcase> <!-- @AfterTest tearDown -->
  <testcase classname="base.BaseTest" name="@AfterTest tearDown" time="0.0">
    <ignored/>
  </testcase> <!-- @AfterTest tearDown -->
  <testcase classname="base.BaseTest" name="@AfterTest tearDown" time="0.0">
    <ignored/>
  </testcase> <!-- @AfterTest tearDown -->
  <testcase classname="base.BaseTest" name="@BeforeTest setUp" time="0.0">
    <ignored/>
  </testcase> <!-- @BeforeTest setUp -->
  <testcase classname="base.BaseTest" name="@AfterTest tearDown" time="0.0">
    <ignored/>
  </testcase> <!-- @AfterTest tearDown -->
  <testcase classname="base.BaseTest" name="@BeforeTest setUp" time="0.0">
    <ignored/>
  </testcase> <!-- @BeforeTest setUp -->
  <testcase classname="base.BaseTest" name="@BeforeTest setUp" time="0.0">
    <ignored/>
  </testcase> <!-- @BeforeTest setUp -->
  <testcase classname="base.BaseTest" name="@BeforeTest setUp" time="0.0">
    <ignored/>
  </testcase> <!-- @BeforeTest setUp -->
</testsuite> <!-- End-to-End Test -->
