<?xml version="1.0" encoding="UTF-8"?>
<!-- Generated by org.testng.reporters.JUnitXMLReporter -->
<testsuite ignored="0" hostname="LTIN718868" failures="5" tests="6" name="Filter Test" time="37.911" errors="0" timestamp="2026-05-11T17:22:36 IST">
  <testcase classname="tests.ProductListPageTest" name="verifyProductList" time="0.4"/>
  <testcase classname="tests.ProductListPageTest" name="verifyPriceFilterWorks" time="1.567">
    <failure type="org.openqa.selenium.TimeoutException" message="Expected condition failed: waiting for utils.WaitUtils$$Lambda/0x000001b62b3c7d68@2b03d52f (tried for 0 second(s) with 500 milliseconds interval)
Build info: version: &amp;apos;4.21.0&amp;apos;, revision: &amp;apos;79ed462ef4&amp;apos;
System info: os.name: &amp;apos;Windows 11&amp;apos;, os.arch: &amp;apos;amd64&amp;apos;, os.version: &amp;apos;10.0&amp;apos;, java.version: &amp;apos;21.0.10&amp;apos;
Driver info: org.openqa.selenium.chrome.ChromeDriver
Capabilities {acceptInsecureCerts: false, browserName: chrome, browserVersion: 146.0.7680.178, chrome: {chromedriverVersion: 146.0.7680.165 (4b989da09e1..., userDataDir: C:\Users\2478784\AppData\Lo...}, fedcm:accounts: true, goog:chromeOptions: {debuggerAddress: localhost:63745}, goog:processID: 8068, networkConnectionEnabled: false, pageLoadStrategy: eager, platformName: windows, proxy: Proxy(), se:cdp: ws://localhost:63745/devtoo..., se:cdpVersion: 146.0.7680.178, setWindowRect: true, strictFileInteractability: false, timeouts: {implicit: 0, pageLoad: 300000, script: 30000}, unhandledPromptBehavior: dismiss and notify, webauthn:extension:credBlob: true, webauthn:extension:largeBlob: true, webauthn:extension:minPinLength: true, webauthn:extension:prf: true, webauthn:virtualAuthenticators: true}
Session ID: 5ad816f32a6b911d85b841da920dc15c">
      <![CDATA[org.openqa.selenium.TimeoutException: Expected condition failed: waiting for utils.WaitUtils$$Lambda/0x000001b62b3c7d68@2b03d52f (tried for 0 second(s) with 500 milliseconds interval)
Build info: version: '4.21.0', revision: '79ed462ef4'
System info: os.name: 'Windows 11', os.arch: 'amd64', os.version: '10.0', java.version: '21.0.10'
Driver info: org.openqa.selenium.chrome.ChromeDriver
Capabilities {acceptInsecureCerts: false, browserName: chrome, browserVersion: 146.0.7680.178, chrome: {chromedriverVersion: 146.0.7680.165 (4b989da09e1..., userDataDir: C:\Users\2478784\AppData\Lo...}, fedcm:accounts: true, goog:chromeOptions: {debuggerAddress: localhost:63745}, goog:processID: 8068, networkConnectionEnabled: false, pageLoadStrategy: eager, platformName: windows, proxy: Proxy(), se:cdp: ws://localhost:63745/devtoo..., se:cdpVersion: 146.0.7680.178, setWindowRect: true, strictFileInteractability: false, timeouts: {implicit: 0, pageLoad: 300000, script: 30000}, unhandledPromptBehavior: dismiss and notify, webauthn:extension:credBlob: true, webauthn:extension:largeBlob: true, webauthn:extension:minPinLength: true, webauthn:extension:prf: true, webauthn:virtualAuthenticators: true}
Session ID: 5ad816f32a6b911d85b841da920dc15c
at org.openqa.selenium.support.ui.WebDriverWait.timeoutException(WebDriverWait.java:84)
at org.openqa.selenium.support.ui.FluentWait.until(FluentWait.java:228)
at utils.WaitUtils.waitForPageReady(WaitUtils.java:73)
at pages.ProductListPage.stabilizeGrid(ProductListPage.java:58)
at pages.ProductListPage.filterByPrice(ProductListPage.java:86)
at tests.ProductListPageTest.verifyPriceFilterWorks(ProductListPageTest.java:48)
at java.base/java.util.ArrayList.forEach(ArrayList.java:1596)
... Removed 25 stack frames]]>
    </failure>
  </testcase> <!-- verifyPriceFilterWorks -->
  <testcase classname="tests.ProductListPageTest" name="verifyCategoryFilterWorks" time="0.704">
    <failure type="org.openqa.selenium.TimeoutException" message="Expected condition failed: waiting for utils.WaitUtils$$Lambda/0x000001b62b3c7d68@2b03d52f (tried for 0 second(s) with 500 milliseconds interval)
Build info: version: &amp;apos;4.21.0&amp;apos;, revision: &amp;apos;79ed462ef4&amp;apos;
System info: os.name: &amp;apos;Windows 11&amp;apos;, os.arch: &amp;apos;amd64&amp;apos;, os.version: &amp;apos;10.0&amp;apos;, java.version: &amp;apos;21.0.10&amp;apos;
Driver info: org.openqa.selenium.chrome.ChromeDriver
Capabilities {acceptInsecureCerts: false, browserName: chrome, browserVersion: 146.0.7680.178, chrome: {chromedriverVersion: 146.0.7680.165 (4b989da09e1..., userDataDir: C:\Users\2478784\AppData\Lo...}, fedcm:accounts: true, goog:chromeOptions: {debuggerAddress: localhost:63745}, goog:processID: 8068, networkConnectionEnabled: false, pageLoadStrategy: eager, platformName: windows, proxy: Proxy(), se:cdp: ws://localhost:63745/devtoo..., se:cdpVersion: 146.0.7680.178, setWindowRect: true, strictFileInteractability: false, timeouts: {implicit: 0, pageLoad: 300000, script: 30000}, unhandledPromptBehavior: dismiss and notify, webauthn:extension:credBlob: true, webauthn:extension:largeBlob: true, webauthn:extension:minPinLength: true, webauthn:extension:prf: true, webauthn:virtualAuthenticators: true}
Session ID: 5ad816f32a6b911d85b841da920dc15c">
      <![CDATA[org.openqa.selenium.TimeoutException: Expected condition failed: waiting for utils.WaitUtils$$Lambda/0x000001b62b3c7d68@2b03d52f (tried for 0 second(s) with 500 milliseconds interval)
Build info: version: '4.21.0', revision: '79ed462ef4'
System info: os.name: 'Windows 11', os.arch: 'amd64', os.version: '10.0', java.version: '21.0.10'
Driver info: org.openqa.selenium.chrome.ChromeDriver
Capabilities {acceptInsecureCerts: false, browserName: chrome, browserVersion: 146.0.7680.178, chrome: {chromedriverVersion: 146.0.7680.165 (4b989da09e1..., userDataDir: C:\Users\2478784\AppData\Lo...}, fedcm:accounts: true, goog:chromeOptions: {debuggerAddress: localhost:63745}, goog:processID: 8068, networkConnectionEnabled: false, pageLoadStrategy: eager, platformName: windows, proxy: Proxy(), se:cdp: ws://localhost:63745/devtoo..., se:cdpVersion: 146.0.7680.178, setWindowRect: true, strictFileInteractability: false, timeouts: {implicit: 0, pageLoad: 300000, script: 30000}, unhandledPromptBehavior: dismiss and notify, webauthn:extension:credBlob: true, webauthn:extension:largeBlob: true, webauthn:extension:minPinLength: true, webauthn:extension:prf: true, webauthn:virtualAuthenticators: true}
Session ID: 5ad816f32a6b911d85b841da920dc15c
at org.openqa.selenium.support.ui.WebDriverWait.timeoutException(WebDriverWait.java:84)
at org.openqa.selenium.support.ui.FluentWait.until(FluentWait.java:228)
at utils.WaitUtils.waitForPageReady(WaitUtils.java:73)
at pages.ProductListPage.stabilizeGrid(ProductListPage.java:58)
at pages.ProductListPage.selectCategory(ProductListPage.java:104)
at tests.ProductListPageTest.verifyCategoryFilterWorks(ProductListPageTest.java:60)
at java.base/java.util.ArrayList.forEach(ArrayList.java:1596)
... Removed 25 stack frames]]>
    </failure>
  </testcase> <!-- verifyCategoryFilterWorks -->
  <testcase classname="tests.ProductListPageTest" name="verifyMaterialFilterWorks" time="0.584">
    <failure type="org.openqa.selenium.StaleElementReferenceException" message="stale element reference: stale element not found in the current frame
  (Session info: chrome=146.0.7680.178)
For documentation on this error, please visit: https://www.selenium.dev/documentation/webdriver/troubleshooting/errors#stale-element-reference-exception
Build info: version: &amp;apos;4.21.0&amp;apos;, revision: &amp;apos;79ed462ef4&amp;apos;
System info: os.name: &amp;apos;Windows 11&amp;apos;, os.arch: &amp;apos;amd64&amp;apos;, os.version: &amp;apos;10.0&amp;apos;, java.version: &amp;apos;21.0.10&amp;apos;
Driver info: org.openqa.selenium.chrome.ChromeDriver
Command: [5ad816f32a6b911d85b841da920dc15c, clickElement {id=f.024AD693FC1291EC98DF9E383D0A3397.d.212ABF12DDE499EB96A104CEA633473A.e.730}]
Capabilities {acceptInsecureCerts: false, browserName: chrome, browserVersion: 146.0.7680.178, chrome: {chromedriverVersion: 146.0.7680.165 (4b989da09e1..., userDataDir: C:\Users\2478784\AppData\Lo...}, fedcm:accounts: true, goog:chromeOptions: {debuggerAddress: localhost:63745}, goog:processID: 8068, networkConnectionEnabled: false, pageLoadStrategy: eager, platformName: windows, proxy: Proxy(), se:cdp: ws://localhost:63745/devtoo..., se:cdpVersion: 146.0.7680.178, setWindowRect: true, strictFileInteractability: false, timeouts: {implicit: 0, pageLoad: 300000, script: 30000}, unhandledPromptBehavior: dismiss and notify, webauthn:extension:credBlob: true, webauthn:extension:largeBlob: true, webauthn:extension:minPinLength: true, webauthn:extension:prf: true, webauthn:virtualAuthenticators: true}
Element: [[ChromeDriver: chrome on windows (5ad816f32a6b911d85b841da920dc15c)] -&amp;gt; xpath: //input[@value=&amp;apos;Engineered Wood&amp;apos;]]
Session ID: 5ad816f32a6b911d85b841da920dc15c">
      <![CDATA[org.openqa.selenium.StaleElementReferenceException: stale element reference: stale element not found in the current frame
  (Session info: chrome=146.0.7680.178)
For documentation on this error, please visit: https://www.selenium.dev/documentation/webdriver/troubleshooting/errors#stale-element-reference-exception
Build info: version: '4.21.0', revision: '79ed462ef4'
System info: os.name: 'Windows 11', os.arch: 'amd64', os.version: '10.0', java.version: '21.0.10'
Driver info: org.openqa.selenium.chrome.ChromeDriver
Command: [5ad816f32a6b911d85b841da920dc15c, clickElement {id=f.024AD693FC1291EC98DF9E383D0A3397.d.212ABF12DDE499EB96A104CEA633473A.e.730}]
Capabilities {acceptInsecureCerts: false, browserName: chrome, browserVersion: 146.0.7680.178, chrome: {chromedriverVersion: 146.0.7680.165 (4b989da09e1..., userDataDir: C:\Users\2478784\AppData\Lo...}, fedcm:accounts: true, goog:chromeOptions: {debuggerAddress: localhost:63745}, goog:processID: 8068, networkConnectionEnabled: false, pageLoadStrategy: eager, platformName: windows, proxy: Proxy(), se:cdp: ws://localhost:63745/devtoo..., se:cdpVersion: 146.0.7680.178, setWindowRect: true, strictFileInteractability: false, timeouts: {implicit: 0, pageLoad: 300000, script: 30000}, unhandledPromptBehavior: dismiss and notify, webauthn:extension:credBlob: true, webauthn:extension:largeBlob: true, webauthn:extension:minPinLength: true, webauthn:extension:prf: true, webauthn:virtualAuthenticators: true}
Element: [[ChromeDriver: chrome on windows (5ad816f32a6b911d85b841da920dc15c)] -> xpath: //input[@value='Engineered Wood']]
Session ID: 5ad816f32a6b911d85b841da920dc15c
at org.openqa.selenium.remote.ErrorCodec.decode(ErrorCodec.java:167)
at org.openqa.selenium.remote.codec.w3c.W3CHttpResponseCodec.decode(W3CHttpResponseCodec.java:138)
at org.openqa.selenium.remote.codec.w3c.W3CHttpResponseCodec.decode(W3CHttpResponseCodec.java:50)
at org.openqa.selenium.remote.HttpCommandExecutor.execute(HttpCommandExecutor.java:190)
at org.openqa.selenium.remote.service.DriverCommandExecutor.invokeExecute(DriverCommandExecutor.java:216)
at org.openqa.selenium.remote.service.DriverCommandExecutor.execute(DriverCommandExecutor.java:174)
at org.openqa.selenium.remote.RemoteWebDriver.execute(RemoteWebDriver.java:518)
at org.openqa.selenium.remote.RemoteWebElement.execute(RemoteWebElement.java:223)
at org.openqa.selenium.remote.RemoteWebElement.click(RemoteWebElement.java:76)
at pages.ProductListPage.selectMaterial(ProductListPage.java:115)
at tests.ProductListPageTest.verifyMaterialFilterWorks(ProductListPageTest.java:75)
at java.base/java.util.ArrayList.forEach(ArrayList.java:1596)
... Removed 28 stack frames]]>
    </failure>
  </testcase> <!-- verifyMaterialFilterWorks -->
  <testcase classname="tests.ProductListPageTest" name="verifySortBy" time="0.485">
    <failure type="org.openqa.selenium.TimeoutException" message="Expected condition failed: waiting for utils.WaitUtils$$Lambda/0x000001b62b3c7d68@2b03d52f (tried for 0 second(s) with 500 milliseconds interval)
Build info: version: &amp;apos;4.21.0&amp;apos;, revision: &amp;apos;79ed462ef4&amp;apos;
System info: os.name: &amp;apos;Windows 11&amp;apos;, os.arch: &amp;apos;amd64&amp;apos;, os.version: &amp;apos;10.0&amp;apos;, java.version: &amp;apos;21.0.10&amp;apos;
Driver info: org.openqa.selenium.chrome.ChromeDriver
Capabilities {acceptInsecureCerts: false, browserName: chrome, browserVersion: 146.0.7680.178, chrome: {chromedriverVersion: 146.0.7680.165 (4b989da09e1..., userDataDir: C:\Users\2478784\AppData\Lo...}, fedcm:accounts: true, goog:chromeOptions: {debuggerAddress: localhost:63745}, goog:processID: 8068, networkConnectionEnabled: false, pageLoadStrategy: eager, platformName: windows, proxy: Proxy(), se:cdp: ws://localhost:63745/devtoo..., se:cdpVersion: 146.0.7680.178, setWindowRect: true, strictFileInteractability: false, timeouts: {implicit: 0, pageLoad: 300000, script: 30000}, unhandledPromptBehavior: dismiss and notify, webauthn:extension:credBlob: true, webauthn:extension:largeBlob: true, webauthn:extension:minPinLength: true, webauthn:extension:prf: true, webauthn:virtualAuthenticators: true}
Session ID: 5ad816f32a6b911d85b841da920dc15c">
      <![CDATA[org.openqa.selenium.TimeoutException: Expected condition failed: waiting for utils.WaitUtils$$Lambda/0x000001b62b3c7d68@2b03d52f (tried for 0 second(s) with 500 milliseconds interval)
Build info: version: '4.21.0', revision: '79ed462ef4'
System info: os.name: 'Windows 11', os.arch: 'amd64', os.version: '10.0', java.version: '21.0.10'
Driver info: org.openqa.selenium.chrome.ChromeDriver
Capabilities {acceptInsecureCerts: false, browserName: chrome, browserVersion: 146.0.7680.178, chrome: {chromedriverVersion: 146.0.7680.165 (4b989da09e1..., userDataDir: C:\Users\2478784\AppData\Lo...}, fedcm:accounts: true, goog:chromeOptions: {debuggerAddress: localhost:63745}, goog:processID: 8068, networkConnectionEnabled: false, pageLoadStrategy: eager, platformName: windows, proxy: Proxy(), se:cdp: ws://localhost:63745/devtoo..., se:cdpVersion: 146.0.7680.178, setWindowRect: true, strictFileInteractability: false, timeouts: {implicit: 0, pageLoad: 300000, script: 30000}, unhandledPromptBehavior: dismiss and notify, webauthn:extension:credBlob: true, webauthn:extension:largeBlob: true, webauthn:extension:minPinLength: true, webauthn:extension:prf: true, webauthn:virtualAuthenticators: true}
Session ID: 5ad816f32a6b911d85b841da920dc15c
at org.openqa.selenium.support.ui.WebDriverWait.timeoutException(WebDriverWait.java:84)
at org.openqa.selenium.support.ui.FluentWait.until(FluentWait.java:228)
at utils.WaitUtils.waitForPageReady(WaitUtils.java:73)
at pages.ProductListPage.stabilizeGrid(ProductListPage.java:58)
at pages.ProductListPage.sortBy(ProductListPage.java:157)
at pages.ProductListPage.sortByHighToLow(ProductListPage.java:139)
at tests.ProductListPageTest.verifySortBy(ProductListPageTest.java:87)
at java.base/java.util.ArrayList.forEach(ArrayList.java:1596)
... Removed 25 stack frames]]>
    </failure>
  </testcase> <!-- verifySortBy -->
  <testcase classname="tests.ProductListPageTest" name="navigatesToProductPage" time="1.902">
    <failure type="java.lang.AssertionError" message="User was not navigated to product detail page expected [true] but found [false]">
      <![CDATA[java.lang.AssertionError: User was not navigated to product detail page expected [true] but found [false]
at tests.ProductListPageTest.navigatesToProductPage(ProductListPageTest.java:106)
at java.base/java.util.ArrayList.forEach(ArrayList.java:1596)
... Removed 28 stack frames]]>
    </failure>
  </testcase> <!-- navigatesToProductPage -->
</testsuite> <!-- Filter Test -->
