<?xml version="1.0" encoding="UTF-8"?>
<!-- Generated by org.testng.reporters.JUnitXMLReporter -->
<testsuite ignored="0" hostname="LTIN718868" failures="0" tests="7" name="Login Test" time="33.827" errors="0" timestamp="2026-05-13T10:33:25 IST">
  <testcase classname="tests.LoginPageTest" name="verifyLoginNavigation" time="2.649"/>
  <testcase classname="tests.LoginPageTest" name="LoginPageVerification" time="0.029"/>
  <testcase classname="tests.LoginPageTest" name="login" time="3.168"/>
  <testcase classname="tests.LoginPageTest" name="login" time="0.522"/>
  <testcase classname="tests.LoginPageTest" name="login" time="2.985"/>
  <testcase classname="tests.LoginPageTest" name="login" time="3.507"/>
  <testcase classname="tests.LoginPageTest" name="clickLogo" time="4.55"/>
</testsuite> <!-- Login Test -->
