<?xml version="1.0" encoding="UTF-8"?>
<!-- Generated by org.testng.reporters.JUnitXMLReporter -->
<testsuite ignored="9" hostname="LTIN718868" failures="2" tests="13" name="Pincode Test" time="73.84" errors="0" timestamp="2026-05-11T17:24:48 IST">
  <testcase classname="tests.HomePageTest" name="verifyHomePageLogo" time="20.153">
    <failure type="org.openqa.selenium.TimeoutException" message="Expected condition failed: waiting for utils.WaitUtils$$Lambda/0x000001b62b3c7d68@2b03d52f (tried for 20 second(s) with 500 milliseconds interval)
Build info: version: &amp;apos;4.21.0&amp;apos;, revision: &amp;apos;79ed462ef4&amp;apos;
System info: os.name: &amp;apos;Windows 11&amp;apos;, os.arch: &amp;apos;amd64&amp;apos;, os.version: &amp;apos;10.0&amp;apos;, java.version: &amp;apos;21.0.10&amp;apos;
Driver info: org.openqa.selenium.chrome.ChromeDriver
Capabilities {acceptInsecureCerts: false, browserName: chrome, browserVersion: 146.0.7680.178, chrome: {chromedriverVersion: 146.0.7680.165 (4b989da09e1..., userDataDir: C:\Users\2478784\AppData\Lo...}, fedcm:accounts: true, goog:chromeOptions: {debuggerAddress: localhost:59022}, goog:processID: 28484, networkConnectionEnabled: false, pageLoadStrategy: eager, platformName: windows, proxy: Proxy(), se:cdp: ws://localhost:59022/devtoo..., se:cdpVersion: 146.0.7680.178, setWindowRect: true, strictFileInteractability: false, timeouts: {implicit: 0, pageLoad: 300000, script: 30000}, unhandledPromptBehavior: dismiss and notify, webauthn:extension:credBlob: true, webauthn:extension:largeBlob: true, webauthn:extension:minPinLength: true, webauthn:extension:prf: true, webauthn:virtualAuthenticators: true}
Session ID: 442cc8b06305c28f0e940074defa5587">
      <![CDATA[org.openqa.selenium.TimeoutException: Expected condition failed: waiting for utils.WaitUtils$$Lambda/0x000001b62b3c7d68@2b03d52f (tried for 20 second(s) with 500 milliseconds interval)
Build info: version: '4.21.0', revision: '79ed462ef4'
System info: os.name: 'Windows 11', os.arch: 'amd64', os.version: '10.0', java.version: '21.0.10'
Driver info: org.openqa.selenium.chrome.ChromeDriver
Capabilities {acceptInsecureCerts: false, browserName: chrome, browserVersion: 146.0.7680.178, chrome: {chromedriverVersion: 146.0.7680.165 (4b989da09e1..., userDataDir: C:\Users\2478784\AppData\Lo...}, fedcm:accounts: true, goog:chromeOptions: {debuggerAddress: localhost:59022}, goog:processID: 28484, networkConnectionEnabled: false, pageLoadStrategy: eager, platformName: windows, proxy: Proxy(), se:cdp: ws://localhost:59022/devtoo..., se:cdpVersion: 146.0.7680.178, setWindowRect: true, strictFileInteractability: false, timeouts: {implicit: 0, pageLoad: 300000, script: 30000}, unhandledPromptBehavior: dismiss and notify, webauthn:extension:credBlob: true, webauthn:extension:largeBlob: true, webauthn:extension:minPinLength: true, webauthn:extension:prf: true, webauthn:virtualAuthenticators: true}
Session ID: 442cc8b06305c28f0e940074defa5587
at org.openqa.selenium.support.ui.WebDriverWait.timeoutException(WebDriverWait.java:84)
at org.openqa.selenium.support.ui.FluentWait.until(FluentWait.java:228)
at utils.WaitUtils.waitForPageReady(WaitUtils.java:73)
at pages.HomePage.verifyHomePage(HomePage.java:29)
at tests.HomePageTest.verifyHomePageLogo(HomePageTest.java:29)
at java.base/java.util.ArrayList.forEach(ArrayList.java:1596)
... Removed 25 stack frames]]>
    </failure>
  </testcase> <!-- verifyHomePageLogo -->
  <testcase classname="tests.HomePageTest" name="verifySearchFunctionality" time="3.1"/>
  <testcase classname="tests.ProductListPageTest" name="navigatesToProductPage" time="3.363"/>
  <testcase classname="tests.ProductPageTest" name="verifyProductPage" time="19.959"/>
  <testcase classname="tests.ProductPageTest" name="pinCodeTest" time="0.666"/>
  <testcase classname="tests.ProductPageTest" name="pinCodeTest" time="0.582"/>
  <testcase classname="tests.ProductPageTest" name="pinCodeTest" time="0.622"/>
  <testcase classname="tests.ProductPageTest" name="pinCodeTest" time="1.246"/>
  <testcase classname="tests.ProductPageTest" name="pinCodeTest" time="1.355"/>
  <testcase classname="tests.ProductPageTest" name="pinCodeTest" time="0.746"/>
  <testcase classname="tests.ProductPageTest" name="verifyWishlistCnt" time="0.334">
    <failure type="java.lang.AssertionError" message="wishlist failed expected [0] but found [1]">
      <![CDATA[java.lang.AssertionError: wishlist failed expected [0] but found [1]
at tests.ProductPageTest.verifyWishlistCnt(ProductPageTest.java:57)
at java.base/java.util.ArrayList.forEach(ArrayList.java:1596)
... Removed 30 stack frames]]>
    </failure>
  </testcase> <!-- verifyWishlistCnt -->
  <testcase classname="tests.ProductPageTest" name="verifyWishlistPage" time="0.0">
    <skipped/>
  </testcase> <!-- verifyWishlistPage -->
  <testcase classname="tests.ProductPageTest" name="addToCart" time="2.077"/>
  <testcase classname="base.BaseTest" name="@BeforeTest setUp" time="0.0">
    <ignored/>
  </testcase> <!-- @BeforeTest setUp -->
  <testcase classname="base.BaseTest" name="@AfterTest tearDown" time="0.0">
    <ignored/>
  </testcase> <!-- @AfterTest tearDown -->
  <testcase classname="tests.ProductListPageTest" name="verifyCategoryFilterWorks" time="0.0">
    <ignored/>
  </testcase> <!-- verifyCategoryFilterWorks -->
  <testcase classname="tests.ProductListPageTest" name="verifyProductList" time="0.0">
    <ignored/>
  </testcase> <!-- verifyProductList -->
  <testcase classname="tests.ProductListPageTest" name="verifyPriceFilterWorks" time="0.0">
    <ignored/>
  </testcase> <!-- verifyPriceFilterWorks -->
  <testcase classname="base.BaseTest" name="@AfterTest tearDown" time="0.0">
    <ignored/>
  </testcase> <!-- @AfterTest tearDown -->
  <testcase classname="tests.ProductListPageTest" name="verifyMaterialFilterWorks" time="0.0">
    <ignored/>
  </testcase> <!-- verifyMaterialFilterWorks -->
  <testcase classname="tests.ProductListPageTest" name="verifySortBy" time="0.0">
    <ignored/>
  </testcase> <!-- verifySortBy -->
  <testcase classname="base.BaseTest" name="@BeforeTest setUp" time="0.0">
    <ignored/>
  </testcase> <!-- @BeforeTest setUp -->
</testsuite> <!-- Pincode Test -->
