<?xml version="1.0" encoding="UTF-8"?>
<!-- Generated by org.testng.reporters.JUnitXMLReporter -->
<testsuite ignored="2" hostname="LTIN718868" failures="0" tests="8" name="Test" time="53.905" errors="0" timestamp="2026-05-07T15:08:37 IST">
  <testcase classname="tests.HomePageTest" name="verifyHomePageLogo" time="2.484"/>
  <testcase classname="tests.HomePageTest" name="verifySearchFunctionality" time="2.782"/>
  <testcase classname="tests.ProductListPageTest" name="verifyProductList" time="0.214"/>
  <testcase classname="tests.ProductListPageTest" name="verifyPriceFilterWorks" time="4.637"/>
  <testcase classname="tests.ProductListPageTest" name="verifyCategoryFilterWorks" time="3.434"/>
  <testcase classname="tests.ProductListPageTest" name="verifyMaterialFilterWorks" time="3.598"/>
  <testcase classname="tests.ProductListPageTest" name="verifySortBy" time="3.525"/>
  <testcase classname="tests.ProductListPageTest" name="navigatesToProductPage" time="3.156"/>
  <testcase classname="base.BaseTest" name="@BeforeTest setUp" time="0.0">
    <ignored/>
  </testcase> <!-- @BeforeTest setUp -->
  <testcase classname="base.BaseTest" name="@AfterTest tearDown" time="0.0">
    <ignored/>
  </testcase> <!-- @AfterTest tearDown -->
</testsuite> <!-- Test -->
