<?xml version="1.0" encoding="UTF-8"?>
<!-- Generated by org.testng.reporters.JUnitReportReporter -->
<testsuite hostname="LTIN718868" failures="0" tests="4" name="tests.CartPageTest" time="0.805" errors="0" timestamp="2026-05-13T11:59:28 IST" skipped="0">
  <testcase classname="tests.CartPageTest" name="verifyCartPage" time="0.272"/>
  <testcase classname="tests.CartPageTest" name="verifyProductCount" time="0.067"/>
  <testcase classname="tests.CartPageTest" name="PriceValidation" time="0.167"/>
  <testcase classname="tests.CartPageTest" name="clickCheckOut" time="0.299"/>
</testsuite> <!-- tests.CartPageTest -->
