<?xml version="1.0" encoding="UTF-8"?>
<!-- Generated by org.testng.reporters.JUnitReportReporter -->
<testsuite hostname="LTIN718868" failures="0" tests="7" name="tests.LoginPageTest" time="16.539" errors="0" timestamp="2026-05-13T11:59:28 IST" skipped="0">
  <testcase classname="tests.LoginPageTest" name="verifyLoginNavigation" time="2.136"/>
  <testcase classname="tests.LoginPageTest" name="LoginPageVerification" time="0.029"/>
  <testcase classname="tests.LoginPageTest" name="login" time="2.712"/>
  <testcase classname="tests.LoginPageTest" name="login" time="3.796"/>
  <testcase classname="tests.LoginPageTest" name="login" time="0.548"/>
  <testcase classname="tests.LoginPageTest" name="login" time="3.887"/>
  <testcase classname="tests.LoginPageTest" name="clickLogo" time="3.431"/>
</testsuite> <!-- tests.LoginPageTest -->
