<?xml version="1.0" encoding="UTF-8"?>
<!-- Generated by org.testng.reporters.JUnitReportReporter -->
<testsuite hostname="LTIN718868" failures="0" tests="6" name="tests.ProductListPageTest" time="20.280" errors="0" timestamp="2026-05-13T11:59:28 IST" skipped="0">
  <testcase classname="tests.ProductListPageTest" name="verifyProductList" time="0.189"/>
  <testcase classname="tests.ProductListPageTest" name="verifyPriceFilterWorks" time="3.842"/>
  <testcase classname="tests.ProductListPageTest" name="verifyCategoryFilterWorks" time="3.218"/>
  <testcase classname="tests.ProductListPageTest" name="verifyMaterialFilterWorks" time="3.301"/>
  <testcase classname="tests.ProductListPageTest" name="verifySortBy" time="3.028"/>
  <testcase classname="tests.ProductListPageTest" name="navigatesToProductPage" time="6.702"/>
</testsuite> <!-- tests.ProductListPageTest -->
