<?xml version="1.0" encoding="UTF-8"?>
<!-- Generated by org.testng.reporters.JUnitReportReporter -->
<testsuite hostname="LTIN718868" failures="0" tests="5" name="tests.CheckoutPageTest" time="16.070" errors="0" timestamp="2026-05-13T11:59:28 IST" skipped="0">
  <testcase classname="tests.CheckoutPageTest" name="testCheckoutFlow" time="2.444"/>
  <testcase classname="tests.CheckoutPageTest" name="testCheckoutFlow" time="2.563"/>
  <testcase classname="tests.CheckoutPageTest" name="testCheckoutFlow" time="2.623"/>
  <testcase classname="tests.CheckoutPageTest" name="testCheckoutFlow" time="2.615"/>
  <testcase classname="tests.CheckoutPageTest" name="testCheckoutFlow" time="5.825"/>
</testsuite> <!-- tests.CheckoutPageTest -->
